<?xml version="1.0" encoding="UTF-8"?>
<!-- Generated by org.testng.reporters.JUnitXMLReporter -->
<testsuite ignored="0" hostname="DESKTOP-M5BRBN2" failures="0" tests="7" name="Default test" time="17.736" errors="0" timestamp="2023-08-28T16:21:54 IST">
  <testcase classname="pojoPackageSerialization.GetQuoteApiPojo" name="getQuoteApiPojo" time="4.925"/>
  <testcase classname="pojoPackageSerialization.GetQuoteApiPojo" name="getQuoteApiPojo" time="2.66"/>
  <testcase classname="pojoPackageSerialization.GetQuoteApiPojo" name="getQuoteApiPojo" time="2.135"/>
  <testcase classname="pojoPackageSerialization.GetQuoteApiPojo" name="getQuoteApiPojo" time="2.604"/>
  <testcase classname="pojoPackageSerialization.GetQuoteApiPojo" name="getQuoteApiPojo" time="1.887"/>
  <testcase classname="pojoPackageSerialization.GetQuoteApiPojo" name="getQuoteApiPojo" time="1.833"/>
  <testcase classname="pojoPackageSerialization.GetQuoteApiPojo" name="getQuoteApiPojo" time="1.579"/>
</testsuite> <!-- Default test -->
