<?xml version="1.0" encoding="UTF-8"?>
<!-- Generated by org.testng.reporters.JUnitXMLReporter -->
<testsuite ignored="0" hostname="DESKTOP-M5BRBN2" failures="1" tests="1" name="Test" time="0.052" errors="0" timestamp="2023-08-25T13:37:45 IST">
  <testcase classname="pojoPackageSerialization.GetQuoteApiPojo" name="getQuoteApiPojo" time="0.0">
    <failure type="org.testng.TestNGException" message="
Method public void pojoPackageSerialization.GetQuoteApiPojo.getQuoteApiPojo(java.lang.String,java.lang.String,java.lang.String,int,int) requires a @DataProvider named : dataProviderforGetQuoteList">
      <![CDATA[org.testng.TestNGException: 
Method public void pojoPackageSerialization.GetQuoteApiPojo.getQuoteApiPojo(java.lang.String,java.lang.String,java.lang.String,int,int) requires a @DataProvider named : dataProviderforGetQuoteList
at java.base/java.util.ArrayList.forEach(ArrayList.java:1511)
... Removed 24 stack frames]]>
    </failure>
  </testcase> <!-- getQuoteApiPojo -->
</testsuite> <!-- Test -->
