<?xml version="1.0" encoding="UTF-8"?>
<testng-results ignored="0" total="7" passed="7" failed="0" skipped="0">
  <reporter-output>
  </reporter-output>
  <suite started-at="2023-08-28T16:21:36 IST" name="Default suite" finished-at="2023-08-28T16:21:54 IST" duration-ms="17736">
    <groups>
    </groups>
    <test started-at="2023-08-28T16:21:36 IST" name="Default test" finished-at="2023-08-28T16:21:54 IST" duration-ms="17736">
      <class name="pojoPackageSerialization.GetQuoteApiPojo">
        <test-method signature="getQuoteApiPojo(java.lang.String,java.lang.String,java.lang.String,int,int)[pri:0, instance:pojoPackageSerialization.GetQuoteApiPojo@3e84448c]" started-at="2023-08-28T16:21:36 IST" name="getQuoteApiPojo" data-provider="dataProviderforGetQuoteList" finished-at="2023-08-28T16:21:41 IST" duration-ms="4925" status="PASS">
          <params>
            <param index="0">
              <value>
                <![CDATA[SPLS03SBSF]]>
              </value>
            </param>
            <param index="1">
              <value>
                <![CDATA[INDIVIDUAL]]>
              </value>
            </param>
            <param index="2">
              <value>
                <![CDATA[IN-PLS5-HD5]]>
              </value>
            </param>
            <param index="3">
              <value>
                <![CDATA[1]]>
              </value>
            </param>
            <param index="4">
              <value>
                <![CDATA[0]]>
              </value>
            </param>
          </params>
          <reporter-output>
          </reporter-output>
        </test-method> <!-- getQuoteApiPojo -->
        <test-method signature="getQuoteApiPojo(java.lang.String,java.lang.String,java.lang.String,int,int)[pri:0, instance:pojoPackageSerialization.GetQuoteApiPojo@3e84448c]" started-at="2023-08-28T16:21:41 IST" name="getQuoteApiPojo" data-provider="dataProviderforGetQuoteList" finished-at="2023-08-28T16:21:44 IST" duration-ms="2660" status="PASS">
          <params>
            <param index="0">
              <value>
                <![CDATA[SPLS03SBSF]]>
              </value>
            </param>
            <param index="1">
              <value>
                <![CDATA[FAMILYFLOATER]]>
              </value>
            </param>
            <param index="2">
              <value>
                <![CDATA[FL-PLS5-HD5]]>
              </value>
            </param>
            <param index="3">
              <value>
                <![CDATA[2]]>
              </value>
            </param>
            <param index="4">
              <value>
                <![CDATA[0]]>
              </value>
            </param>
          </params>
          <reporter-output>
          </reporter-output>
        </test-method> <!-- getQuoteApiPojo -->
        <test-method signature="getQuoteApiPojo(java.lang.String,java.lang.String,java.lang.String,int,int)[pri:0, instance:pojoPackageSerialization.GetQuoteApiPojo@3e84448c]" started-at="2023-08-28T16:21:44 IST" name="getQuoteApiPojo" data-provider="dataProviderforGetQuoteList" finished-at="2023-08-28T16:21:46 IST" duration-ms="2135" status="PASS">
          <params>
            <param index="0">
              <value>
                <![CDATA[SPLS03SBSF]]>
              </value>
            </param>
            <param index="1">
              <value>
                <![CDATA[FAMILYFLOATER]]>
              </value>
            </param>
            <param index="2">
              <value>
                <![CDATA[FL-PLS5-HD5]]>
              </value>
            </param>
            <param index="3">
              <value>
                <![CDATA[2]]>
              </value>
            </param>
            <param index="4">
              <value>
                <![CDATA[1]]>
              </value>
            </param>
          </params>
          <reporter-output>
          </reporter-output>
        </test-method> <!-- getQuoteApiPojo -->
        <test-method signature="getQuoteApiPojo(java.lang.String,java.lang.String,java.lang.String,int,int)[pri:0, instance:pojoPackageSerialization.GetQuoteApiPojo@3e84448c]" started-at="2023-08-28T16:21:46 IST" name="getQuoteApiPojo" data-provider="dataProviderforGetQuoteList" finished-at="2023-08-28T16:21:49 IST" duration-ms="2604" status="PASS">
          <params>
            <param index="0">
              <value>
                <![CDATA[SPLS03SBSF]]>
              </value>
            </param>
            <param index="1">
              <value>
                <![CDATA[FAMILYFLOATER]]>
              </value>
            </param>
            <param index="2">
              <value>
                <![CDATA[FL-PLS5-HD5]]>
              </value>
            </param>
            <param index="3">
              <value>
                <![CDATA[2]]>
              </value>
            </param>
            <param index="4">
              <value>
                <![CDATA[2]]>
              </value>
            </param>
          </params>
          <reporter-output>
          </reporter-output>
        </test-method> <!-- getQuoteApiPojo -->
        <test-method signature="getQuoteApiPojo(java.lang.String,java.lang.String,java.lang.String,int,int)[pri:0, instance:pojoPackageSerialization.GetQuoteApiPojo@3e84448c]" started-at="2023-08-28T16:21:49 IST" name="getQuoteApiPojo" data-provider="dataProviderforGetQuoteList" finished-at="2023-08-28T16:21:51 IST" duration-ms="1887" status="PASS">
          <params>
            <param index="0">
              <value>
                <![CDATA[SPLS03SBSF]]>
              </value>
            </param>
            <param index="1">
              <value>
                <![CDATA[FAMILYFLOATER]]>
              </value>
            </param>
            <param index="2">
              <value>
                <![CDATA[FL-PLS5-HD5]]>
              </value>
            </param>
            <param index="3">
              <value>
                <![CDATA[2]]>
              </value>
            </param>
            <param index="4">
              <value>
                <![CDATA[3]]>
              </value>
            </param>
          </params>
          <reporter-output>
          </reporter-output>
        </test-method> <!-- getQuoteApiPojo -->
        <test-method signature="getQuoteApiPojo(java.lang.String,java.lang.String,java.lang.String,int,int)[pri:0, instance:pojoPackageSerialization.GetQuoteApiPojo@3e84448c]" started-at="2023-08-28T16:21:51 IST" name="getQuoteApiPojo" data-provider="dataProviderforGetQuoteList" finished-at="2023-08-28T16:21:52 IST" duration-ms="1833" status="PASS">
          <params>
            <param index="0">
              <value>
                <![CDATA[SPLS03SBSF]]>
              </value>
            </param>
            <param index="1">
              <value>
                <![CDATA[FAMILYFLOATER]]>
              </value>
            </param>
            <param index="2">
              <value>
                <![CDATA[FL-PLS5-HD5]]>
              </value>
            </param>
            <param index="3">
              <value>
                <![CDATA[1]]>
              </value>
            </param>
            <param index="4">
              <value>
                <![CDATA[1]]>
              </value>
            </param>
          </params>
          <reporter-output>
          </reporter-output>
        </test-method> <!-- getQuoteApiPojo -->
        <test-method signature="getQuoteApiPojo(java.lang.String,java.lang.String,java.lang.String,int,int)[pri:0, instance:pojoPackageSerialization.GetQuoteApiPojo@3e84448c]" started-at="2023-08-28T16:21:52 IST" name="getQuoteApiPojo" data-provider="dataProviderforGetQuoteList" finished-at="2023-08-28T16:21:54 IST" duration-ms="1579" status="PASS">
          <params>
            <param index="0">
              <value>
                <![CDATA[SPLS03SBSF]]>
              </value>
            </param>
            <param index="1">
              <value>
                <![CDATA[FAMILYFLOATER]]>
              </value>
            </param>
            <param index="2">
              <value>
                <![CDATA[FL-PLS5-HD5]]>
              </value>
            </param>
            <param index="3">
              <value>
                <![CDATA[1]]>
              </value>
            </param>
            <param index="4">
              <value>
                <![CDATA[2]]>
              </value>
            </param>
          </params>
          <reporter-output>
          </reporter-output>
        </test-method> <!-- getQuoteApiPojo -->
      </class> <!-- pojoPackageSerialization.GetQuoteApiPojo -->
    </test> <!-- Default test -->
  </suite> <!-- Default suite -->
</testng-results>
